<?xml version="1.0" encoding="UTF-8" ?>
<testsuite errors="0" failures="0" hostname="TashiDor" name="com.flatironschool.javacs.HelloWorldTest" skipped="0" tests="1" time="0.242" timestamp="2016-11-05T23:08:45">
  <properties>
    <property name="java.vendor" value="Oracle Corporation" />
    <property name="env.SESSION_MANAGER" value="local/TashiDor:@/tmp/.ICE-unix/1255,unix/TashiDor:/tmp/.ICE-unix/1255" />
    <property name="env.LESSOPEN" value="| /usr/bin/lesspipe %s" />
    <property name="env.NVM_BIN" value="/home/stevennunez/.nvm/versions/node/v7.0.0/bin" />
    <property name="sun.java.launcher" value="SUN_STANDARD" />
    <property name="sun.management.compiler" value="HotSpot 64-Bit Tiered Compilers" />
    <property name="env.GEM_HOME" value="/home/stevennunez/.gem/ruby/2.3.1" />
    <property name="os.name" value="Linux" />
    <property name="sun.boot.class.path" value="/usr/lib/jvm/java-8-openjdk-amd64/jre/lib/resources.jar:/usr/lib/jvm/java-8-openjdk-amd64/jre/lib/rt.jar:/usr/lib/jvm/java-8-openjdk-amd64/jre/lib/sunrsasign.jar:/usr/lib/jvm/java-8-openjdk-amd64/jre/lib/jsse.jar:/usr/lib/jvm/java-8-openjdk-amd64/jre/lib/jce.jar:/usr/lib/jvm/java-8-openjdk-amd64/jre/lib/charsets.jar:/usr/lib/jvm/java-8-openjdk-amd64/jre/lib/jfr.jar:/usr/lib/jvm/java-8-openjdk-amd64/jre/classes" />
    <property name="env.PWD" value="/home/stevennunez/code/learn/labs/cs-java-hello-world-lab-flatiron-labs" />
    <property name="env.LANG" value="en_US.UTF-8" />
    <property name="java.vm.specification.vendor" value="Oracle Corporation" />
    <property name="env.XDG_MENU_PREFIX" value="xfce-" />
    <property name="ant.home" value="/usr/share/ant" />
    <property name="java.runtime.version" value="1.8.0_111-8u111-b14-2ubuntu0.16.04.2-b14" />
    <property name="env.QT_LINUX_ACCESSIBILITY_ALWAYS_ON" value="1" />
    <property name="env.DEFAULTS_PATH" value="/usr/share/gconf//usr/bin/startxfce4.default.path" />
    <property name="env.XDG_VTNR" value="7" />
    <property name="env.DISPLAY" value=":0.0" />
    <property name="env.NVM_CD_FLAGS" value="" />
    <property name="env.GLADE_CATALOG_PATH" value=":" />
    <property name="user.name" value="stevennunez" />
    <property name="env._" value="/home/stevennunez/.gem/ruby/2.3.1/bin/learn" />
    <property name="env.USER" value="stevennunez" />
    <property name="env.SHELL" value="/bin/bash" />
    <property name="env.DESKTOP_SESSION" value="/usr/bin/startxfce4" />
    <property name="env.XDG_DATA_DIRS" value="/usr/share//usr/bin/startxfce4:/usr/share/xfce4:/usr/local/share/:/usr/share/:/usr/share" />
    <property name="env.PATH" value="/home/stevennunez/.nvm/versions/node/v7.0.0/bin:/home/stevennunez/.gem/ruby/2.3.1/bin:/home/stevennunez/.rubies/ruby-2.3.1/lib/ruby/gems/2.3.0/bin:/home/stevennunez/.rubies/ruby-2.3.1/bin:/usr/local/sbin:/usr/local/bin:/usr/sbin:/usr/bin:/sbin:/bin:/usr/games:/usr/local/games" />
    <property name="env.XDG_CURRENT_DESKTOP" value="XFCE" />
    <property name="user.language" value="en" />
    <property name="sun.boot.library.path" value="/usr/lib/jvm/java-8-openjdk-amd64/jre/lib/amd64" />
    <property name="ant.project.default-target" value="build" />
    <property name="ant.project.name" value="JavaCS" />
    <property name="env.RUBY_VERSION" value="2.3.1" />
    <property name="java.version" value="1.8.0_111" />
    <property name="user.timezone" value="" />
    <property name="env.DBUS_SESSION_BUS_ADDRESS" value="unix:abstract=/tmp/dbus-3yQ4j1vwD9,guid=be2b326f60e1d22114e02d3d581c96a6" />
    <property name="sun.arch.data.model" value="64" />
    <property name="env.SSH_AGENT_PID" value="1232" />
    <property name="java.endorsed.dirs" value="/usr/lib/jvm/java-8-openjdk-amd64/jre/lib/endorsed" />
    <property name="sun.cpu.isalist" value="" />
    <property name="sun.jnu.encoding" value="UTF-8" />
    <property name="file.encoding.pkg" value="sun.io" />
    <property name="env.SHLVL" value="1" />
    <property name="file.separator" value="/" />
    <property name="java.specification.name" value="Java Platform API Specification" />
    <property name="env.RUBY_ENGINE" value="ruby" />
    <property name="java.class.version" value="52.0" />
    <property name="user.country" value="US" />
    <property name="ant.file.JavaCS" value="/home/stevennunez/code/learn/labs/cs-java-hello-world-lab-flatiron-labs/javacs-lab00/build.xml" />
    <property name="java.home" value="/usr/lib/jvm/java-8-openjdk-amd64/jre" />
    <property name="java.vm.info" value="mixed mode" />
    <property name="env.LOGNAME" value="stevennunez" />
    <property name="ant.file" value="/home/stevennunez/code/learn/labs/cs-java-hello-world-lab-flatiron-labs/javacs-lab00/build.xml" />
    <property name="os.version" value="4.7.2-galliumos" />
    <property name="env.RUBYOPT" value="" />
    <property name="path.separator" value=":" />
    <property name="java.vm.version" value="25.111-b14" />
    <property name="ant.library.dir" value="/usr/share/ant/lib" />
    <property name="env.NVM_NODEJS_ORG_MIRROR" value="https://nodejs.org/dist" />
    <property name="junit.output.dir" value="junit" />
    <property name="java.awt.printerjob" value="sun.print.PSPrinterJob" />
    <property name="env.TERM" value="xterm" />
    <property name="sun.io.unicode.encoding" value="UnicodeLittle" />
    <property name="awt.toolkit" value="sun.awt.X11.XToolkit" />
    <property name="env.GLADE_MODULE_PATH" value=":" />
    <property name="env.MANPATH" value="/home/stevennunez/.nvm/versions/node/v7.0.0/share/man:/home/stevennunez/.rubies/ruby-2.3.1/share/man:/usr/local/man:/usr/local/share/man:/usr/share/man" />
    <property name="env.GEM_PATH" value="/home/stevennunez/.gem/ruby/2.3.1:/home/stevennunez/.rubies/ruby-2.3.1/lib/ruby/gems/2.3.0" />
    <property name="user.home" value="/home/stevennunez" />
    <property name="target" value="1.6" />
    <property name="env.OLDPWD" value="/home/stevennunez/code/learn/labs/cs-java-hello-world-lab-flatiron-labs/javacs-lab00" />
    <property name="java.specification.vendor" value="Oracle Corporation" />
    <property name="env.WINDOWID" value="31457284" />
    <property name="java.vendor.url" value="http://java.oracle.com/" />
    <property name="java.library.path" value="/usr/java/packages/lib/amd64:/usr/lib/x86_64-linux-gnu/jni:/lib/x86_64-linux-gnu:/usr/lib/x86_64-linux-gnu:/usr/lib/jni:/lib:/usr/lib" />
    <property name="java.vm.vendor" value="Oracle Corporation" />
    <property name="env.XDG_SEAT" value="seat0" />
    <property name="java.runtime.name" value="OpenJDK Runtime Environment" />
    <property name="ant.version" value="Apache Ant(TM) version 1.9.6 compiled on July 8 2015" />
    <property name="sun.java.command" value="org.apache.tools.ant.taskdefs.optional.junit.JUnitTestRunner com.flatironschool.javacs.HelloWorldTest skipNonTests=false filtertrace=true haltOnError=false haltOnFailure=false formatter=org.apache.tools.ant.taskdefs.optional.junit.OutErrSummaryJUnitResultFormatter showoutput=false outputtoformatters=true logfailedtests=true threadid=0 logtestlistenerevents=false formatter=org.apache.tools.ant.taskdefs.optional.junit.XMLJUnitResultFormatter,/home/stevennunez/code/learn/labs/cs-java-hello-world-lab-flatiron-labs/javacs-lab00/junit/TEST-com.flatironschool.javacs.HelloWorldTest.xml formatter=org.apache.tools.ant.taskdefs.optional.junit.PlainJUnitResultFormatter crashfile=/home/stevennunez/code/learn/labs/cs-java-hello-world-lab-flatiron-labs/javacs-lab00/junitvmwatcher9166657153907152332.properties propsfile=/home/stevennunez/code/learn/labs/cs-java-hello-world-lab-flatiron-labs/javacs-lab00/junit1734721754503017612.properties" />
    <property name="java.class.path" value="/home/stevennunez/code/learn/labs/cs-java-hello-world-lab-flatiron-labs/javacs-lab00/bin:/home/stevennunez/code/learn/labs/cs-java-hello-world-lab-flatiron-labs/javacs-lab00/lib/junit-4.12.jar:/home/stevennunez/code/learn/labs/cs-java-hello-world-lab-flatiron-labs/javacs-lab00/lib/hamcrest-core-1.3.jar:/usr/share/java/ant-launcher-1.9.6.jar:/usr/share/ant/lib/ant.jar:/usr/share/ant/lib/ant-junit.jar:/usr/share/ant/lib/ant-junit4.jar" />
    <property name="env.XDG_SESSION_ID" value="2" />
    <property name="env.RUBY_ROOT" value="/home/stevennunez/.rubies/ruby-2.3.1" />
    <property name="ant.file.type.JavaCS" value="file" />
    <property name="env.QT_ACCESSIBILITY" value="1" />
    <property name="java.vm.specification.name" value="Java Virtual Machine Specification" />
    <property name="ant.file.type" value="file" />
    <property name="java.vm.specification.version" value="1.8" />
    <property name="sun.os.patch.level" value="unknown" />
    <property name="sun.cpu.endian" value="little" />
    <property name="env.HOME" value="/home/stevennunez" />
    <property name="debuglevel" value="source,lines,vars" />
    <property name="env.LS_COLORS" value="rs=0:di=01;34:ln=01;36:mh=00:pi=40;33:so=01;35:do=01;35:bd=40;33;01:cd=40;33;01:or=40;31;01:mi=00:su=37;41:sg=30;43:ca=30;41:tw=30;42:ow=34;42:st=37;44:ex=01;32:*.tar=01;31:*.tgz=01;31:*.arc=01;31:*.arj=01;31:*.taz=01;31:*.lha=01;31:*.lz4=01;31:*.lzh=01;31:*.lzma=01;31:*.tlz=01;31:*.txz=01;31:*.tzo=01;31:*.t7z=01;31:*.zip=01;31:*.z=01;31:*.Z=01;31:*.dz=01;31:*.gz=01;31:*.lrz=01;31:*.lz=01;31:*.lzo=01;31:*.xz=01;31:*.bz2=01;31:*.bz=01;31:*.tbz=01;31:*.tbz2=01;31:*.tz=01;31:*.deb=01;31:*.rpm=01;31:*.jar=01;31:*.war=01;31:*.ear=01;31:*.sar=01;31:*.rar=01;31:*.alz=01;31:*.ace=01;31:*.zoo=01;31:*.cpio=01;31:*.7z=01;31:*.rz=01;31:*.cab=01;31:*.jpg=01;35:*.jpeg=01;35:*.gif=01;35:*.bmp=01;35:*.pbm=01;35:*.pgm=01;35:*.ppm=01;35:*.tga=01;35:*.xbm=01;35:*.xpm=01;35:*.tif=01;35:*.tiff=01;35:*.png=01;35:*.svg=01;35:*.svgz=01;35:*.mng=01;35:*.pcx=01;35:*.mov=01;35:*.mpg=01;35:*.mpeg=01;35:*.m2v=01;35:*.mkv=01;35:*.webm=01;35:*.ogm=01;35:*.mp4=01;35:*.m4v=01;35:*.mp4v=01;35:*.vob=01;35:*.qt=01;35:*.nuv=01;35:*.wmv=01;35:*.asf=01;35:*.rm=01;35:*.rmvb=01;35:*.flc=01;35:*.avi=01;35:*.fli=01;35:*.flv=01;35:*.gl=01;35:*.dl=01;35:*.xcf=01;35:*.xwd=01;35:*.yuv=01;35:*.cgm=01;35:*.emf=01;35:*.ogv=01;35:*.ogx=01;35:*.aac=00;36:*.au=00;36:*.flac=00;36:*.m4a=00;36:*.mid=00;36:*.midi=00;36:*.mka=00;36:*.mp3=00;36:*.mpc=00;36:*.ogg=00;36:*.ra=00;36:*.wav=00;36:*.oga=00;36:*.opus=00;36:*.spx=00;36:*.xspf=00;36:" />
    <property name="java.io.tmpdir" value="/tmp" />
    <property name="java.vendor.url.bug" value="http://bugreport.sun.com/bugreport/" />
    <property name="env.NVM_PATH" value="/home/stevennunez/.nvm/versions/node/v7.0.0/lib/node" />
    <property name="env.SSH_AUTH_SOCK" value="/tmp/ssh-nQnWtJS4Kp8g/agent.1195" />
    <property name="java.awt.graphicsenv" value="sun.awt.X11GraphicsEnvironment" />
    <property name="os.arch" value="amd64" />
    <property name="env.XDG_RUNTIME_DIR" value="/run/user/1000" />
    <property name="java.ext.dirs" value="/usr/lib/jvm/java-8-openjdk-amd64/jre/lib/ext:/usr/java/packages/lib/ext" />
    <property name="user.dir" value="/home/stevennunez/code/learn/labs/cs-java-hello-world-lab-flatiron-labs" />
    <property name="env.XAUTHORITY" value="/home/stevennunez/.Xauthority" />
    <property name="env.MANDATORY_PATH" value="/usr/share/gconf//usr/bin/startxfce4.mandatory.path" />
    <property name="line.separator" value="&#xa;" />
    <property name="java.vm.name" value="OpenJDK 64-Bit Server VM" />
    <property name="env.NVM_IOJS_ORG_MIRROR" value="https://iojs.org/dist" />
    <property name="env.COLORTERM" value="xfce4-terminal" />
    <property name="basedir" value="/home/stevennunez/code/learn/labs/cs-java-hello-world-lab-flatiron-labs/javacs-lab00" />
    <property name="ant.java.version" value="1.8" />
    <property name="env.GLADE_PIXMAP_PATH" value=":" />
    <property name="ant.core.lib" value="/usr/share/ant/lib/ant.jar" />
    <property name="source" value="1.6" />
    <property name="file.encoding" value="UTF-8" />
    <property name="env.GEM_ROOT" value="/home/stevennunez/.rubies/ruby-2.3.1/lib/ruby/gems/2.3.0" />
    <property name="env.NVM_DIR" value="/home/stevennunez/.nvm" />
    <property name="java.specification.version" value="1.8" />
    <property name="env.XDG_CONFIG_DIRS" value="/etc/xdg/xdg-/usr/bin/startxfce4:/etc/xdg:/etc/xdg" />
    <property name="ant.project.invoked-targets" value="test" />
    <property name="env.LESSCLOSE" value="/usr/bin/lesspipe %s %s" />
  </properties>
  <testcase classname="com.flatironschool.javacs.HelloWorldTest" name="testGetVersion" time="0.027" />
  <system-out><![CDATA[1.8
]]></system-out>
  <system-err><![CDATA[]]></system-err>
</testsuite>
